Palavra reservada : double
ID generico       : quadradoDe
Palavra reservada : double
ID generico       : x
Palavra reservada : return
ID generico       : x
ID generico       : x
Palavra reservada : int
ID generico       : main
Palavra reservada : double
ID generico       : a
Palavra reservada : double
ID generico       : b
Palavra reservada : double
ID generico       : c
ID generico       : quadradoDe
ID generico       : a
ID generico       : print
ID generico       : c
Palavra reservada : return
Valor numerico    : 0
17 espaços em branco
Done
