Palavra reservada : int
ID generico       : mdc
Palavra reservada : int
ID generico       : a
Palavra reservada : int
ID generico       : b
Palavra reservada : while
ID generico       : a
ID generico       : b
Palavra reservada : if
ID generico       : a
ID generico       : b
ID generico       : a
ID generico       : b
Palavra reservada : else
ID generico       : b
ID generico       : a
Palavra reservada : return
ID generico       : a
Palavra reservada : bool
ID generico       : par
Palavra reservada : int
ID generico       : a
Palavra reservada : return
ID generico       : a
Valor numerico    : 2
Valor numerico    : 0
Palavra reservada : int
ID generico       : collatz
Palavra reservada : int
ID generico       : x
Palavra reservada : return
ID generico       : x
ID generico       : par
ID generico       : x
ID generico       : x
Valor numerico    : 2
Valor numerico    : 3
ID generico       : x
Valor numerico    : 1
Palavra reservada : int
ID generico       : main
Palavra reservada : int
ID generico       : a
ID estranho       : 50
ID generico       : b
Valor numerico    : 0
ID generico       : c
Valor numerico    : 0
Palavra reservada : while
ID generico       : a
Valor numerico    : 1
ID generico       : b
ID generico       : collatz
ID generico       : a
ID generico       : c
ID generico       : mcd
ID generico       : a
ID generico       : b
ID generico       : print
ID generico       : c
ID generico       : a
ID generico       : b
Palavra reservada : return
Valor numerico    : 0
61 espaços em branco
Done
